<?xml version="1.0" encoding="UTF-8"?>
<!-- Generated by org.testng.reporters.JUnitXMLReporter -->
<testsuite ignored="1" hostname="LAPTOP-81FSS902" failures="0" tests="4" name="Default test" time="20.516" errors="0" timestamp="2022-03-06T19:29:17 GMT-08:00">
  <testcase classname="j.CreateIssue" name="createIssue" time="15.235"/>
  <testcase classname="j.CreateIssue" name="getIssueByKey" time="2.194"/>
  <testcase classname="j.CreateIssue" name="addCommentToIssue" time="1.985"/>
  <testcase classname="j.CreateIssue" name="getCommentBYKey" time="0.976"/>
  <testcase classname="j.CreateIssue" name="deletCommentOFIssue" time="0.0">
    <ignored/>
  </testcase> <!-- deletCommentOFIssue -->
</testsuite> <!-- Default test -->
